Unity Editor version:    2021.3.6f1 (7da38d85baf6)
Branch:                  2021.3/staging
Build type:              Release
Batch mode:              YES
macOS version:           Version 11.3.1 (Build 20E241)
Darwin version:          20.4.0
Architecture:            x86_64
Running under Rosetta:   YES
Available memory:        8192 MB
Using pre-set license
Pro License: YES

COMMAND LINE ARGUMENTS:
/Applications/Unity/Hub/Editor/2021.3.6f1/Unity.app/Contents/MacOS/Unity
-adb2
-batchMode
-noUpm
-name
AssetImportWorker0
-projectPath
/Users/taaseenmkhan2icloud.com/Downloads/OneDrive_1_6-7-2022
-logFile
Logs/AssetImportWorker0.log
-srvPort
49657
Successfully changed project path to: /Users/taaseenmkhan2icloud.com/Downloads/OneDrive_1_6-7-2022
/Users/taaseenmkhan2icloud.com/Downloads/OneDrive_1_6-7-2022
[UnityMemory] Configuration Parameters - Can be set up in boot.config
    "memorysetup-bucket-allocator-granularity=16"
    "memorysetup-bucket-allocator-bucket-count=8"
    "memorysetup-bucket-allocator-block-size=33554432"
    "memorysetup-bucket-allocator-block-count=8"
    "memorysetup-main-allocator-block-size=16777216"
    "memorysetup-thread-allocator-block-size=16777216"
    "memorysetup-gfx-main-allocator-block-size=16777216"
    "memorysetup-gfx-thread-allocator-block-size=16777216"
    "memorysetup-cache-allocator-block-size=4194304"
    "memorysetup-typetree-allocator-block-size=2097152"
    "memorysetup-profiler-bucket-allocator-granularity=16"
    "memorysetup-profiler-bucket-allocator-bucket-count=8"
    "memorysetup-profiler-bucket-allocator-block-size=33554432"
    "memorysetup-profiler-bucket-allocator-block-count=8"
    "memorysetup-profiler-allocator-block-size=16777216"
    "memorysetup-profiler-editor-allocator-block-size=1048576"
    "memorysetup-temp-allocator-size-main=16777216"
    "memorysetup-job-temp-allocator-block-size=2097152"
    "memorysetup-job-temp-allocator-block-size-background=1048576"
    "memorysetup-job-temp-allocator-reduction-small-platforms=262144"
    "memorysetup-temp-allocator-size-background-worker=32768"
    "memorysetup-temp-allocator-size-job-worker=262144"
    "memorysetup-temp-allocator-size-preload-manager=33554432"
    "memorysetup-temp-allocator-size-nav-mesh-worker=65536"
    "memorysetup-temp-allocator-size-audio-worker=65536"
    "memorysetup-temp-allocator-size-cloud-worker=32768"
    "memorysetup-temp-allocator-size-gi-baking-worker=262144"
    "memorysetup-temp-allocator-size-gfx=262144"
Refreshing native plugins compatible for Editor in 166.26 ms, found 2 plugins.
Preloading 0 native plugins for Editor in 0.00 ms.
Initialize engine version: 2021.3.6f1 (7da38d85baf6)
[Subsystems] Discovering subsystems at path /Applications/Unity/Hub/Editor/2021.3.6f1/Unity.app/Contents/Resources/UnitySubsystems
[Subsystems] Discovering subsystems at path /Users/taaseenmkhan2icloud.com/Downloads/OneDrive_1_6-7-2022/Assets
GfxDevice: creating device client; threaded=0; jobified=0
 preferred device: Apple M1 (high power)
Metal devices available: 1
0: Apple M1 (high power)
Using device Apple M1 (high power)
Initializing Metal device caps: Apple M1
Initialize mono
Mono path[0] = '/Applications/Unity/Hub/Editor/2021.3.6f1/Unity.app/Contents/Managed'
Mono path[1] = '/Applications/Unity/Hub/Editor/2021.3.6f1/Unity.app/Contents/MonoBleedingEdge/lib/mono/unityjit-macos'
Mono config path = '/Applications/Unity/Hub/Editor/2021.3.6f1/Unity.app/Contents/MonoBleedingEdge/etc'
Using monoOptions --debugger-agent=transport=dt_socket,embedding=1,server=y,suspend=n,address=127.0.0.1:56674
Begin MonoManager ReloadAssembly
Registering precompiled unity dll's ...
Register platform support module: /Applications/Unity/Hub/Editor/2021.3.6f1/PlaybackEngines/WebGLSupport/UnityEditor.WebGL.Extensions.dll
Register platform support module: /Applications/Unity/Hub/Editor/2021.3.6f1/Unity.app/Contents/PlaybackEngines/MacStandaloneSupport/UnityEditor.OSXStandalone.Extensions.dll
Registered in 0.007412 seconds.
Native extension for OSXStandalone target not found
Native extension for WebGL target not found
Refreshing native plugins compatible for Editor in 80.97 ms, found 2 plugins.
Preloading 0 native plugins for Editor in 0.00 ms.
Mono: successfully reloaded assembly
- Completed reload, in  1.997 seconds
Domain Reload Profiling:
	ReloadAssembly (1998ms)
		BeginReloadAssembly (288ms)
			ExecutionOrderSort (0ms)
			DisableScriptedObjects (0ms)
			BackupInstance (0ms)
			ReleaseScriptingObjects (0ms)
			CreateAndSetChildDomain (15ms)
		EndReloadAssembly (1355ms)
			LoadAssemblies (273ms)
			RebuildTransferFunctionScriptingTraits (0ms)
			SetupTypeCache (157ms)
			ReleaseScriptCaches (0ms)
			RebuildScriptCaches (39ms)
			SetupLoadedEditorAssemblies (948ms)
				LogAssemblyErrors (0ms)
				InitializePlatformSupportModulesInManaged (22ms)
				SetLoadedEditorAssemblies (1ms)
				RefreshPlugins (81ms)
				BeforeProcessingInitializeOnLoad (4ms)
				ProcessInitializeOnLoadAttributes (620ms)
				ProcessInitializeOnLoadMethodAttributes (220ms)
				AfterProcessingInitializeOnLoad (0ms)
				EditorAssembliesLoaded (1ms)
			ExecutionOrderSort2 (0ms)
			AwakeInstancesAfterBackupRestoration (0ms)
Platform modules already initialized, skipping
Registering precompiled user dll's ...
Registered in 0.002392 seconds.
Begin MonoManager ReloadAssembly
Symbol file LoadedFromMemory doesn't match image /Users/taaseenmkhan2icloud.com/Downloads/OneDrive_1_6-7-2022/Library/PackageCache/com.unity.visualscripting@1.7.8/Editor/VisualScripting.Core/Dependencies/YamlDotNet/Unity.VisualScripting.YamlDotNet.dll
Symbol file LoadedFromMemory doesn't match image /Users/taaseenmkhan2icloud.com/Downloads/OneDrive_1_6-7-2022/Library/PackageCache/com.unity.visualscripting@1.7.8/Editor/VisualScripting.Core/Dependencies/DotNetZip/Unity.VisualScripting.IonicZip.dll
Native extension for OSXStandalone target not found
Native extension for WebGL target not found
Refreshing native plugins compatible for Editor in 0.54 ms, found 2 plugins.
Preloading 0 native plugins for Editor in 0.00 ms.
Mono: successfully reloaded assembly
- Completed reload, in  2.572 seconds
Domain Reload Profiling:
	ReloadAssembly (2575ms)
		BeginReloadAssembly (284ms)
			ExecutionOrderSort (0ms)
			DisableScriptedObjects (45ms)
			BackupInstance (0ms)
			ReleaseScriptingObjects (0ms)
			CreateAndSetChildDomain (44ms)
		EndReloadAssembly (1967ms)
			LoadAssemblies (158ms)
			RebuildTransferFunctionScriptingTraits (0ms)
			SetupTypeCache (311ms)
			ReleaseScriptCaches (1ms)
			RebuildScriptCaches (62ms)
			SetupLoadedEditorAssemblies (1246ms)
				LogAssemblyErrors (0ms)
				InitializePlatformSupportModulesInManaged (16ms)
				SetLoadedEditorAssemblies (2ms)
				RefreshPlugins (1ms)
				BeforeProcessingInitializeOnLoad (123ms)
				ProcessInitializeOnLoadAttributes (970ms)
				ProcessInitializeOnLoadMethodAttributes (134ms)
				AfterProcessingInitializeOnLoad (1ms)
				EditorAssembliesLoaded (0ms)
			ExecutionOrderSort2 (0ms)
			AwakeInstancesAfterBackupRestoration (17ms)
Platform modules already initialized, skipping
========================================================================
Worker process is ready to serve import requests
Launching external process: /Applications/Unity/Hub/Editor/2021.3.6f1/Unity.app/Contents/Tools/UnityShaderCompiler
Launched and connected shader compiler UnityShaderCompiler after 0.05 seconds
Refreshing native plugins compatible for Editor in 0.64 ms, found 2 plugins.
Preloading 0 native plugins for Editor in 0.00 ms.
Unloading 3300 Unused Serialized files (Serialized files now loaded: 0)
Unloading 24 unused Assets / (43.5 KB). Loaded Objects now: 3759.
Memory consumption went from 216.8 MB to 216.7 MB.
Total: 3.030042 ms (FindLiveObjects: 0.203750 ms CreateObjectMapping: 0.083334 ms MarkObjects: 2.640375 ms  DeleteObjects: 0.101667 ms)

AssetImportParameters requested are different than current active one (requested -> active):
  custom:video-decoder-ogg-theora: a1e56fd34408186e4bbccfd4996cb3dc -> 
  custom:container-muxer-webm: aa71ff27fc2769a1b78a27578f13a17b -> 
  custom:container-demuxer-webm: 4f35f7cbe854078d1ac9338744f61a02 -> 
  custom:video-encoder-webm-vp8: eb34c28f22e8b96e1ab97ce403110664 -> 
  custom:framework-osx-AVFoundation: e770b220cccbd017edd2c1fefb359320 -> 
  custom:audio-encoder-webm-vorbis: bf7c407c2cedff20999df2af8eb42d56 -> 
  custom:container-demuxer-ogg: 62fdf1f143b41e24485cea50d1cbac27 -> 
  custom:video-decoder-webm-vp8: 9c59270c3fd7afecdb556c50c9e8de78 -> 
  custom:audio-decoder-ogg-vorbis: bf7c407c2cedff20999df2af8eb42d56 -> 
========================================================================
Received Import Request.
  Time since last request: 5714937.800673 seconds.
  path: Assets/Obstacle.prefab
  artifactKey: Guid(7867cf42a50f8394fa3738feeaa27529) Importer(815301076,1909f56bfc062723c751e8b465ee728b)
Start importing Assets/Obstacle.prefab using Guid(7867cf42a50f8394fa3738feeaa27529) Importer(815301076,1909f56bfc062723c751e8b465ee728b)  -> (artifact id: '9aa3f61e85350898d06231fc90f450af') in 1.300050 seconds 
========================================================================
Received Import Request.
  Time since last request: 9.146805 seconds.
  path: Assets/materials
  artifactKey: Guid(91486cd89a2feff4cae3c06bcf40e08d) Importer(815301076,1909f56bfc062723c751e8b465ee728b)
Start importing Assets/materials using Guid(91486cd89a2feff4cae3c06bcf40e08d) Importer(815301076,1909f56bfc062723c751e8b465ee728b)  -> (artifact id: '6268f2f16be1595f5b7f9f7d6ad45470') in 0.000726 seconds 
========================================================================
Received Import Request.
  Time since last request: 2.216141 seconds.
  path: Assets/EndTrigger.cs
  artifactKey: Guid(5138954bafe15dd43be62a43b7250796) Importer(815301076,1909f56bfc062723c751e8b465ee728b)
Start importing Assets/EndTrigger.cs using Guid(5138954bafe15dd43be62a43b7250796) Importer(815301076,1909f56bfc062723c751e8b465ee728b)  -> (artifact id: '34341317ef3407f644d3b2b216c718cd') in 0.285658 seconds 
========================================================================
Received Import Request.
  Time since last request: 1.042870 seconds.
  path: Assets/TextMesh Pro
  artifactKey: Guid(f54d1bd14bd3ca042bd867b519fee8cc) Importer(815301076,1909f56bfc062723c751e8b465ee728b)
Start importing Assets/TextMesh Pro using Guid(f54d1bd14bd3ca042bd867b519fee8cc) Importer(815301076,1909f56bfc062723c751e8b465ee728b)  -> (artifact id: 'f5648c5ef36b7beab651a001a8d08867') in 0.000898 seconds 
========================================================================
Received Import Request.
  Time since last request: 0.629675 seconds.
  path: Assets/scripts
  artifactKey: Guid(40fa6e24f5eef7345af5dddf1a373077) Importer(815301076,1909f56bfc062723c751e8b465ee728b)
Start importing Assets/scripts using Guid(40fa6e24f5eef7345af5dddf1a373077) Importer(815301076,1909f56bfc062723c751e8b465ee728b)  -> (artifact id: '1b2d340ecbb36210d734674a7598a02b') in 0.001054 seconds 
========================================================================
Received Import Request.
  Time since last request: 1.393819 seconds.
  path: Assets/scripts/Score.cs
  artifactKey: Guid(ce0d09dea15468a43917c03efc3caaaf) Importer(815301076,1909f56bfc062723c751e8b465ee728b)
Start importing Assets/scripts/Score.cs using Guid(ce0d09dea15468a43917c03efc3caaaf) Importer(815301076,1909f56bfc062723c751e8b465ee728b)  -> (artifact id: '8d21a20ad6d2b856bd936daedc9559b2') in 0.001412 seconds 
========================================================================
Received Import Request.
  Time since last request: 44.113023 seconds.
  path: Assets/scripts/followPlayer.cs
  artifactKey: Guid(b12cd994ddb1e7641be9945a95d977c1) Importer(815301076,1909f56bfc062723c751e8b465ee728b)
Start importing Assets/scripts/followPlayer.cs using Guid(b12cd994ddb1e7641be9945a95d977c1) Importer(815301076,1909f56bfc062723c751e8b465ee728b)  -> (artifact id: '0a46c22701a49ad326f931082d053f9c') in 0.004470 seconds 
========================================================================
Received Import Request.
  Time since last request: 6.429772 seconds.
  path: Assets/materials/ground.mat
  artifactKey: Guid(bf97eb8f34796e14580791423ec79fb6) Importer(815301076,1909f56bfc062723c751e8b465ee728b)
Start importing Assets/materials/ground.mat using Guid(bf97eb8f34796e14580791423ec79fb6) Importer(815301076,1909f56bfc062723c751e8b465ee728b)  -> (artifact id: '0b3cb81b52db6e987f967f2fbe666d9a') in 0.384169 seconds 
========================================================================
Received Import Request.
  Time since last request: 0.000061 seconds.
  path: Assets/materials/playerMat.mat
  artifactKey: Guid(93e6a6f5d7b26ef4d960b4744243cac9) Importer(815301076,1909f56bfc062723c751e8b465ee728b)
Start importing Assets/materials/playerMat.mat using Guid(93e6a6f5d7b26ef4d960b4744243cac9) Importer(815301076,1909f56bfc062723c751e8b465ee728b)  -> (artifact id: 'edcb883e6bc14a4f9b69d65f642720d2') in 0.225089 seconds 
========================================================================
Received Import Request.
  Time since last request: 9.820206 seconds.
  path: Assets/Scenes
  artifactKey: Guid(6ea315d0fd7389c41b19996891e99ae3) Importer(815301076,1909f56bfc062723c751e8b465ee728b)
Start importing Assets/Scenes using Guid(6ea315d0fd7389c41b19996891e99ae3) Importer(815301076,1909f56bfc062723c751e8b465ee728b)  -> (artifact id: 'b8193726cff86800c54781cdc6d54904') in 0.001733 seconds 
========================================================================
Received Import Request.
  Time since last request: 2.422709 seconds.
  path: Assets/animation
  artifactKey: Guid(d93c83a77b4e94a0e9d4f44b184292f6) Importer(815301076,1909f56bfc062723c751e8b465ee728b)
Start importing Assets/animation using Guid(d93c83a77b4e94a0e9d4f44b184292f6) Importer(815301076,1909f56bfc062723c751e8b465ee728b)  -> (artifact id: '67f9a88bc8043a40aaf599f0442f448c') in 0.000887 seconds 
========================================================================
Received Import Request.
  Time since last request: 42.034125 seconds.
  path: Assets/TextMesh Pro/Documentation
  artifactKey: Guid(8e7e8f5a82a3a134e91c54efd2274ea9) Importer(815301076,1909f56bfc062723c751e8b465ee728b)
Start importing Assets/TextMesh Pro/Documentation using Guid(8e7e8f5a82a3a134e91c54efd2274ea9) Importer(815301076,1909f56bfc062723c751e8b465ee728b)  -> (artifact id: 'dc497803c0650e980b81bcf651e18b86') in 0.001351 seconds 
========================================================================
Received Import Request.
  Time since last request: 0.722370 seconds.
  path: Assets/TextMesh Pro/Documentation/TextMesh Pro User Guide 2016.pdf
  artifactKey: Guid(1b8d251f9af63b746bf2f7ffe00ebb9b) Importer(815301076,1909f56bfc062723c751e8b465ee728b)
Start importing Assets/TextMesh Pro/Documentation/TextMesh Pro User Guide 2016.pdf using Guid(1b8d251f9af63b746bf2f7ffe00ebb9b) Importer(815301076,1909f56bfc062723c751e8b465ee728b)  -> (artifact id: '06d594f0f45c0070f56c2dd42a9bd84c') in 0.467808 seconds 
